2025-08-04 00:30:19,179 INFO supervisord started with pid 31902
2025-08-04 00:30:20,432 INFO spawnerr: can't find command 'nginx'
2025-08-04 00:30:20,435 INFO spawned: 'rails1' with pid 31903
2025-08-04 00:30:20,439 INFO spawned: 'rails2' with pid 31904
2025-08-04 00:30:20,442 WARN exited: rails1 (exit status 127; not expected)
2025-08-04 00:30:20,444 WARN exited: rails2 (exit status 127; not expected)
2025-08-04 00:30:21,682 INFO spawnerr: can't find command 'nginx'
2025-08-04 00:30:21,684 INFO spawned: 'rails1' with pid 31905
2025-08-04 00:30:21,687 INFO spawned: 'rails2' with pid 31906
2025-08-04 00:30:21,689 WARN exited: rails1 (exit status 127; not expected)
2025-08-04 00:30:21,692 WARN exited: rails2 (exit status 127; not expected)
2025-08-04 00:30:23,917 INFO spawnerr: can't find command 'nginx'
2025-08-04 00:30:23,919 INFO spawned: 'rails1' with pid 31907
2025-08-04 00:30:23,921 INFO spawned: 'rails2' with pid 31908
2025-08-04 00:30:23,923 WARN exited: rails1 (exit status 127; not expected)
2025-08-04 00:30:23,924 WARN exited: rails2 (exit status 127; not expected)
2025-08-04 00:30:28,043 INFO spawnerr: can't find command 'nginx'
2025-08-04 00:30:28,044 INFO gave up: nginx entered FATAL state, too many start retries too quickly
2025-08-04 00:30:28,046 INFO spawned: 'rails1' with pid 31909
2025-08-04 00:30:28,050 INFO spawned: 'rails2' with pid 31910
2025-08-04 00:30:28,051 WARN exited: rails1 (exit status 127; not expected)
2025-08-04 00:30:28,052 WARN received SIGINT indicating exit request
2025-08-04 00:30:28,053 INFO waiting for rails1, rails2 to die
2025-08-04 00:30:28,054 INFO gave up: rails1 entered FATAL state, too many start retries too quickly
2025-08-04 00:30:28,055 WARN stopped: rails2 (exit status 127)
2025-08-04 00:31:51,595 INFO supervisord started with pid 32609
2025-08-04 00:31:52,599 INFO spawned: 'nginx' with pid 32610
2025-08-04 00:31:52,613 INFO spawned: 'rails1' with pid 32611
2025-08-04 00:31:52,618 INFO spawned: 'rails2' with pid 32612
2025-08-04 00:31:52,622 WARN exited: nginx (exit status 1; not expected)
2025-08-04 00:31:52,623 WARN exited: rails1 (exit status 127; not expected)
2025-08-04 00:31:52,624 WARN exited: rails2 (exit status 127; not expected)
2025-08-04 00:31:54,537 INFO spawned: 'nginx' with pid 32613
2025-08-04 00:31:54,541 INFO spawned: 'rails1' with pid 32614
2025-08-04 00:31:54,547 INFO spawned: 'rails2' with pid 32615
2025-08-04 00:31:54,548 WARN exited: nginx (exit status 1; not expected)
2025-08-04 00:31:54,549 WARN exited: rails1 (exit status 127; not expected)
2025-08-04 00:31:54,553 WARN exited: rails2 (exit status 127; not expected)
2025-08-04 00:31:56,559 INFO spawned: 'nginx' with pid 32616
2025-08-04 00:31:56,567 INFO spawned: 'rails1' with pid 32617
2025-08-04 00:31:56,575 INFO spawned: 'rails2' with pid 32618
2025-08-04 00:31:56,576 WARN exited: rails1 (exit status 127; not expected)
2025-08-04 00:31:56,577 WARN exited: rails2 (exit status 127; not expected)
2025-08-04 00:31:56,578 WARN exited: nginx (exit status 1; not expected)
2025-08-04 00:31:58,582 WARN received SIGINT indicating exit request
2025-08-04 00:31:58,583 INFO waiting for nginx, rails1 to die
